demo/build/outputs/logs/manifest-merger-debug-report.txt
-- Merging decision tree log ---
manifest
ADDED from src\main\AndroidManifest.xml:2:1-31:12
	package
		ADDED from src\main\AndroidManifest.xml:3:2-46
	android:versionName
		ADDED from src\main\AndroidManifest.xml:5:2-27
		INJECTED from src\main\AndroidManifest.xml
		INJECTED from src\main\AndroidManifest.xml
	android:versionCode
		ADDED from src\main\AndroidManifest.xml:4:2-25
		INJECTED from src\main\AndroidManifest.xml
		INJECTED from src\main\AndroidManifest.xml
	xmlns:android
		ADDED from src\main\AndroidManifest.xml:2:11-69
uses-sdk
ADDED from src\main\AndroidManifest.xml:7:2-9:34
MERGED from [com.commonsware.cwac:colormixer:0.6.1] AndroidManifest.xml:7:5-43
MERGED from [cwac-richedit-master:richedit:unspecified] AndroidManifest.xml:7:5-44
	android:targetSdkVersion
		ADDED from src\main\AndroidManifest.xml:9:3-32
	android:minSdkVersion
		ADDED from src\main\AndroidManifest.xml:8:3-29
application
ADDED from src\main\AndroidManifest.xml:11:2-29:16
MERGED from [com.commonsware.cwac:colormixer:0.6.1] AndroidManifest.xml:9:5-20
	android:label
		ADDED from src\main\AndroidManifest.xml:13:3-35
	android:icon
		ADDED from src\main\AndroidManifest.xml:12:3-39
	android:theme
		ADDED from src\main\AndroidManifest.xml:14:3-40
activity#com.commonsware.cwac.richedit.demo.RichTextEditorDemoActivity
ADDED from src\main\AndroidManifest.xml:16:3-24:14
	android:label
		ADDED from src\main\AndroidManifest.xml:18:4-36
	android:name
		ADDED from src\main\AndroidManifest.xml:17:4-46
intent-filter#android.intent.action.MAIN+android.intent.category.LAUNCHER
ADDED from src\main\AndroidManifest.xml:19:4-23:20
action#android.intent.action.MAIN
ADDED from src\main\AndroidManifest.xml:20:5-56
	android:name
		ADDED from src\main\AndroidManifest.xml:20:13-54
category#android.intent.category.LAUNCHER
ADDED from src\main\AndroidManifest.xml:22:5-64
	android:name
		ADDED from src\main\AndroidManifest.xml:22:15-62
activity#com.commonsware.cwac.colormixer.ColorMixerActivity
ADDED from src\main\AndroidManifest.xml:25:5-28:16
	android:label
		ADDED from src\main\AndroidManifest.xml:26:15-47
	android:theme
		ADDED from src\main\AndroidManifest.xml:27:15-69
	android:name
		ADDED from src\main\AndroidManifest.xml:25:15-80